2025-12-22 12:43:30,801 | INFO | [MainThread] ============================================================
2025-12-22 12:43:30,801 | INFO | [MainThread] OTTER.AI PARALLEL DOWNLOADER
2025-12-22 12:43:30,801 | INFO | [MainThread] ============================================================
2025-12-22 12:43:30,802 | INFO | [MainThread] Workers: 4
2025-12-22 12:43:30,802 | INFO | [MainThread] Download directory: Z:\OtterBot\downloads
2025-12-22 12:43:30,806 | INFO | [MainThread] Pending downloads: 202
2025-12-22 12:43:30,806 | INFO | [MainThread] Already downloaded: 244/446
2025-12-22 12:43:30,807 | INFO | [Worker_0] [Worker-0] Downloading: Luma AI
Wed, Mar 12
2:39 PM
31 min
Priyesh P
Luma ...
2025-12-22 12:43:30,808 | INFO | [Worker_1] [Worker-1] Downloading: PopId
Tue, Mar 4
1:14 PM
3 h 43 min
Priyesh P
JPMo...
2025-12-22 12:43:30,809 | INFO | [Worker_2] [Worker-2] Downloading: Qualcomm DevRel Prashant
Fri, Feb 28
11:34 AM
7 mi...
2025-12-22 12:43:30,809 | INFO | [Worker_3] [Worker-3] Downloading: GAI Ventures
Thu, Feb 27
9:13 AM
29 min
Priyesh P
...
